[2026-04-21T12:35:57.207Z] User: eruditeclp@gmail.com | Outcome: SUCCESS 
[2026-04-21T12:36:52.198Z] User: eruditeclp@gmail.com | Outcome: SUCCESS 
[2026-04-21T13:27:36.658Z] User: eruditeclp@gmail.com | Outcome: FAILURE | Details: Failed to login. Please try again.
[2026-04-21T13:28:36.280Z] User: eruditeclp@gmail.com | Outcome: FAILURE | Details: Failed to login. Please try again.
[2026-04-21T13:28:46.017Z] User: eruditeclp@gmail.com | Outcome: FAILURE | Details: Failed to login. Please try again.
[2026-04-21T13:29:03.586Z] User: eruditeclp@gmail.com | Outcome: FAILURE | Details: Failed to login. Please try again.
[2026-04-21T13:29:54.780Z] User: eruditeclp@gmail.com | Outcome: SUCCESS 
[2026-04-21T13:30:37.020Z] User: eruditeclp@gmail.com | Outcome: SUCCESS 
[2026-04-21T13:38:40.393Z] User: eruditeclp@gmail.com | Outcome: SUCCESS 
[2026-04-21T13:43:31.121Z] User: eruditeclp@gmail.com | Outcome: SUCCESS 
[2026-04-21T13:58:22.719Z] User: eruditeclp@gmail.com | Outcome: SUCCESS 
[2026-04-21T14:06:28.210Z] User: eruditeclp@gmail.com | Outcome: SUCCESS 
[2026-04-23T06:50:52.536Z] User: efemiayafavour@gmail.com | Outcome: SUCCESS 
[2026-04-23T06:50:52.540Z] User: efemiayafavour@gmail.com | Outcome: SUCCESS 
[2026-04-23T06:51:52.344Z] User: efemiayafavour@gmail.com | Outcome: SUCCESS 
[2026-04-28T10:38:47.636Z] User: eruditeclp@gmail.com | Outcome: SUCCESS 
[2026-04-28T10:39:43.885Z] User: lukmanoladokun86@gmail.com | Outcome: SUCCESS 
[2026-04-28T11:58:06.235Z] User: lukmanoladokun86@gmail.com | Outcome: SUCCESS 
[2026-04-28T14:32:17.733Z] User: lukmanoladokun86@gmail.com | Outcome: FAILURE | Details: Failed to login. Please try again.
[2026-04-28T14:32:20.526Z] User: lukmanoladokun86@gmail.com | Outcome: FAILURE | Details: Failed to login. Please try again.
[2026-04-28T14:32:24.207Z] User: lukmanoladokun86@gmail.com | Outcome: FAILURE | Details: Failed to login. Please try again.
[2026-04-28T14:33:02.323Z] User: lukmanoladokun86@gmail.com | Outcome: FAILURE | Details: Failed to login. Please try again.
[2026-04-28T14:33:21.201Z] User: lukmanoladokun86@gmail.com | Outcome: FAILURE | Details: Failed to login. Please try again.
[2026-04-28T14:34:01.048Z] User: lukmanoladokun86@gmail.com | Outcome: FAILURE | Details: Failed to login. Please try again.
[2026-04-28T14:35:36.666Z] User: lukmanoladokun86@gmail.com | Outcome: FAILURE | Details: Failed to login. Please try again.
[2026-04-28T14:45:55.991Z] User: lukmanoladokun86@gmail.com | Outcome: FAILURE | Details: Failed to login. Please try again.
[2026-04-28T14:46:25.161Z] User: lukmanoladokun86@gmail.com | Outcome: FAILURE | Details: Failed to login. Please try again.
[2026-04-28T14:46:34.133Z] User: lukmanoladokun86@gmail.com | Outcome: FAILURE | Details: Failed to login. Please try again.
[2026-04-28T14:47:11.995Z] User: lukmanoladokun86@gmail.com | Outcome: FAILURE | Details: Failed to login. Please try again.
[2026-04-28T14:48:07.042Z] User: lukmanoladokun86@gmail.com | Outcome: FAILURE | Details: Failed to login. Please try again.
[2026-04-28T14:49:36.220Z] User: lukmanoladokun86@gmail.com | Outcome: FAILURE | Details: Failed to login. Please try again.
[2026-04-28T16:26:08.509Z] User: lukmanoladokun86@gmail.com | Outcome: SUCCESS 
[2026-04-29T03:58:53.552Z] User: lukmanoladokun86@gmail.com | Outcome: SUCCESS 
[2026-04-29T04:00:06.000Z] User: lukmanoladokun86@gmail.com | Outcome: SUCCESS 
[2026-04-29T11:09:33.818Z] User: lukmanoladokun86@gmail.com | Outcome: SUCCESS 
[2026-04-29T22:07:43.350Z] User: lukmanoladokun86@gmail.com | Outcome: SUCCESS 
[2026-04-29T22:10:24.685Z] User: lukmanoladokun86@gmail.com | Outcome: SUCCESS 
[2026-04-29T23:10:40.137Z] User: lukmanoladokun86@gmail.com | Outcome: SUCCESS 
[2026-04-30T00:48:57.314Z] User: lukmanoladokun86@gmail.com | Outcome: SUCCESS 
[2026-04-30T01:06:36.088Z] User: lukmanoladokun86@gmail.com | Outcome: SUCCESS 
[2026-04-30T01:28:31.910Z] User: lukmanoladokun86@gmail.com | Outcome: SUCCESS 
[2026-04-30T01:29:25.567Z] User: lukmanoladokun86@gmail.com | Outcome: SUCCESS 
[2026-04-30T02:41:46.351Z] User: lukmanoladokun86@gmail.com | Outcome: SUCCESS 
[2026-04-30T02:42:20.654Z] User: lukmanoladokun86@gmail.com | Outcome: SUCCESS 
[2026-04-30T04:11:43.772Z] User: lukmanoladokun86@gmail.com | Outcome: SUCCESS 
[2026-04-30T04:12:23.244Z] User: lukmanoladokun86@gmail.com | Outcome: SUCCESS 
[2026-04-30T05:45:47.670Z] User: lukmanoladokun86@gmail.com | Outcome: SUCCESS 
[2026-04-30T07:58:35.040Z] User: lukmanoladokun86@gmail.com | Outcome: SUCCESS 
[2026-04-30T08:00:07.589Z] User: lukmanoladokun86@gmail.com | Outcome: SUCCESS 
[2026-04-30T22:51:11.503Z] User: lukmanoladokun86@gmail.com | Outcome: SUCCESS 
[2026-05-01T00:15:02.843Z] User: lukmanoladokun86@gmail.com | Outcome: SUCCESS 
[2026-05-01T00:15:32.019Z] User: lukmanoladokun86@gmail.com | Outcome: SUCCESS 
[2026-05-01T00:16:03.096Z] User: lukmanoladokun86@gmail.com | Outcome: SUCCESS 
[2026-05-01T04:07:04.081Z] User: lukmanoladokun86@gmail.com | Outcome: SUCCESS 
[2026-05-01T05:10:56.430Z] User: lukmanoladokun86@gmail.com | Outcome: SUCCESS 
[2026-05-01T05:10:56.439Z] User: lukmanoladokun86@gmail.com | Outcome: SUCCESS 
[2026-05-01T05:10:58.506Z] User: lukmanoladokun86@gmail.com | Outcome: SUCCESS 
[2026-05-01T16:38:22.975Z] User: lukmanoladokun86@gmail.com | Outcome: SUCCESS 
[2026-05-01T16:39:04.872Z] User: lukmanoladokun86@gmail.com | Outcome: SUCCESS 
[2026-05-01T17:40:02.149Z] User: lukmanoladokun86@gmail.com | Outcome: SUCCESS 
[2026-05-02T11:53:27.510Z] User: lukmanoladokun86@gmail.com | Outcome: SUCCESS 
[2026-05-02T11:57:26.406Z] User: lukmanoladokun86@gmail.com | Outcome: SUCCESS 
[2026-05-02T13:46:47.709Z] User: eruditeclp@gmail.com | Outcome: SUCCESS 
[2026-05-02T14:01:20.208Z] User: eruditeclp@gmail.com | Outcome: SUCCESS 
[2026-05-02T14:05:04.111Z] User: eruditeclp@gmail.com | Outcome: SUCCESS 
[2026-05-02T14:46:58.624Z] User: lukmanoladokun86@gmail.com | Outcome: SUCCESS 
[2026-05-02T17:55:31.478Z] User: lukmanoladokun86@gmail.com | Outcome: SUCCESS 
[2026-05-02T19:41:57.565Z] User: lukmanoladokun86@gmail.com | Outcome: SUCCESS 
[2026-05-02T20:46:12.916Z] User: eruditeclp@gmail.com | Outcome: SUCCESS 
[2026-05-02T23:18:09.283Z] User: eruditeclp@gmail.com | Outcome: SUCCESS 
[2026-05-03T10:20:12.235Z] User: lukmanoladokun86@gmail.com | Outcome: SUCCESS 
[2026-05-03T11:24:36.111Z] User: lukmanoladokun86@gmail.com | Outcome: SUCCESS 
[2026-05-03T12:25:50.282Z] User: lukmanoladokun86@gmail.com | Outcome: SUCCESS 
[2026-05-03T21:10:37.503Z] User: lukmanoladokun86@gmail.com | Outcome: SUCCESS 
[2026-05-03T21:10:37.523Z] User: lukmanoladokun86@gmail.com | Outcome: SUCCESS 
[2026-05-03T21:44:49.449Z] User: lukmanoladokun86@gmail.com | Outcome: SUCCESS 
[2026-05-04T20:05:07.792Z] User: lukmanoladokun86@gmail.com | Outcome: SUCCESS 
[2026-05-04T21:08:08.836Z] User: lukmanoladokun86@gmail.com | Outcome: SUCCESS 
[2026-05-05T15:07:09.821Z] User: lukmanoladokun86@gmail.com | Outcome: SUCCESS 
[2026-05-05T15:10:41.248Z] User: eruditeclp@gmail.com | Outcome: SUCCESS 
[2026-05-06T04:40:20.973Z] User: lukmanoladokun86@gmail.com | Outcome: SUCCESS 
[2026-05-06T05:55:37.426Z] User: lukmanoladokun86@gmail.com | Outcome: SUCCESS 
[2026-05-06T05:57:41.503Z] User: lukmanoladokun86@gmail.com | Outcome: SUCCESS 
[2026-05-06T07:17:20.374Z] User: lukmanoladokun86@gmail.com | Outcome: SUCCESS 
[2026-05-06T10:11:38.605Z] User: lukmanoladokun86@gmail.com | Outcome: SUCCESS 
[2026-05-06T10:11:38.610Z] User: lukmanoladokun86@gmail.com | Outcome: SUCCESS 
[2026-05-06T10:11:39.329Z] User: lukmanoladokun86@gmail.com | Outcome: SUCCESS 
[2026-05-06T10:28:28.794Z] User: eruditeclp@gmail.com | Outcome: SUCCESS 
[2026-05-06T10:52:03.233Z] User: lukmanoladokun86@gmail.com | Outcome: SUCCESS 
[2026-05-06T15:46:22.747Z] User: lukmanoladokun86@gmail.com | Outcome: SUCCESS 
[2026-05-06T15:54:47.943Z] User: lukmanoladokun86@gmail.com | Outcome: SUCCESS 
[2026-05-06T15:56:04.985Z] User: lukmanoladokun86@gmail.com | Outcome: SUCCESS 
[2026-04-28T16:14:22.447Z] User: efemiayafavour@gmail.com | Outcome: SUCCESS 
[2026-04-28T16:22:00.770Z] User: efemiayafavour@gmail.com | Outcome: SUCCESS 
[2026-04-29T07:42:38.614Z] User: efemiayafavour@gmail.com | Outcome: SUCCESS 
[2026-04-29T08:48:59.838Z] User: efemiayafavour@gmail.com | Outcome: SUCCESS 
[2026-04-29T08:49:01.823Z] User: efemiayafavour@gmail.com | Outcome: SUCCESS 
[2026-05-05T13:56:53.020Z] User: efemiayafavour@gmail.com | Outcome: SUCCESS 
[2026-05-05T13:57:00.670Z] User: efemiayafavour@gmail.com | Outcome: SUCCESS 
[2026-05-06T17:42:00.634Z] User: lukmanoladokun86@gmail.com | Outcome: SUCCESS 
[2026-05-06T17:42:42.346Z] User: lukmanoladokun86@gmail.com | Outcome: SUCCESS 
[2026-05-06T20:48:33.023Z] User: lukmanoladokun86@gmail.com | Outcome: SUCCESS 
[2026-05-06T22:01:28.091Z] User: lukmanoladokun86@gmail.com | Outcome: SUCCESS 
[2026-05-07T01:52:32.267Z] User: lukmanoladokun86@gmail.com | Outcome: FAILURE | Details: Failed to login. Please try again.
[2026-05-07T01:57:45.564Z] User: lukmanoladokun86@gmail.com | Outcome: SUCCESS 
[2026-05-07T04:26:39.268Z] User: lukmanoladokun86@gmail.com | Outcome: SUCCESS 
[2026-05-10T07:35:32.636Z] User: lukmanoladokun86@gmail.com | Outcome: FAILURE | Details: Failed to login. Please try again.
[2026-05-10T07:37:19.621Z] User: lukmanoladokun86@gmail.com | Outcome: SUCCESS 
[2026-05-11T21:37:04.982Z] User: lukmanoladokun86@gmail.com | Outcome: SUCCESS 
[2026-05-11T21:38:22.737Z] User: lukmanoladokun86@gmail.com | Outcome: SUCCESS 
[2026-05-11T23:32:39.497Z] User: lukmanoladokun86@gmail.com | Outcome: SUCCESS 
[2026-05-12T22:47:14.863Z] User: lukmanoladokun86@gmail.com | Outcome: SUCCESS 
[2026-05-12T22:47:56.215Z] User: lukmanoladokun86@gmail.com | Outcome: SUCCESS 
[2026-05-12T23:54:50.188Z] User: lukmanoladokun86@gmail.com | Outcome: SUCCESS 
[2026-05-15T15:43:29.176Z] User: lukmanoladokun86@gmail.com | Outcome: SUCCESS 
[2026-05-15T15:44:21.950Z] User: lukmanoladokun86@gmail.com | Outcome: SUCCESS 
[2026-05-15T16:45:31.790Z] User: lukmanoladokun86@gmail.com | Outcome: SUCCESS 
[2026-05-15T17:47:57.429Z] User: lukmanoladokun86@gmail.com | Outcome: SUCCESS 
[2026-05-15T21:35:53.836Z] User: lukmanoladokun86@gmail.com | Outcome: SUCCESS 
[2026-05-15T21:53:27.073Z] User: lukmanoladokun86@gmail.com | Outcome: SUCCESS 
[2026-05-14T07:36:43.523Z] User: efemiayafavour@gmail.com | Outcome: SUCCESS 
[2026-05-14T14:56:35.443Z] User: efemiayafavour@gmail.com | Outcome: SUCCESS 
[2026-05-14T16:06:02.599Z] User: efemiayafavour@gmail.com | Outcome: SUCCESS 
[2026-05-14T16:06:04.672Z] User: efemiayafavour@gmail.com | Outcome: SUCCESS 
[2026-05-18T15:40:25.167Z] User: efemiayafavour@gmail.com | Outcome: SUCCESS 
[2026-05-18T15:40:25.170Z] User: efemiayafavour@gmail.com | Outcome: SUCCESS 

[2026-05-25T00:26:24.062Z] User: efemiayafavour@gmail.com | Outcome: SUCCESS 
[2026-05-25T01:33:29.522Z] User: efemiayafavour@gmail.com | Outcome: SUCCESS 
[2026-05-25T02:34:03.140Z] User: efemiayafavour@gmail.com | Outcome: SUCCESS 
[2026-05-25T02:34:04.630Z] User: efemiayafavour@gmail.com | Outcome: SUCCESS 
[2026-05-25T02:37:02.010Z] User: efemiayafavour@gmail.com | Outcome: SUCCESS 
[2026-05-26T09:57:10.680Z] User: efemiayafavour@gmail.com | Outcome: SUCCESS 
[2026-05-26T09:57:27.721Z] User: efemiayafavour@gmail.com | Outcome: SUCCESS 
[2026-05-28T10:39:47.298Z] User: efemiayafavour@gmail.com | Outcome: SUCCESS 
[2026-05-28T10:40:18.031Z] User: efemiayafavour@gmail.com | Outcome: SUCCESS 
[2026-05-28T17:28:12.789Z] User: efemiayafavour@gmail.com | Outcome: SUCCESS 
[2026-05-28T19:02:54.436Z] User: efemiayafavour@gmail.com | Outcome: SUCCESS 
[2026-05-29T08:09:33.947Z] User: efemiayafavour@gmail.com | Outcome: SUCCESS 
[2026-05-29T08:11:30.003Z] User: efemiayatega1@gmail.com | Outcome: FAILURE | Details: Invalid email or password.
[2026-05-29T08:11:52.336Z] User: efemiayatega1@gmail.com | Outcome: FAILURE | Details: Invalid email or password.
[2026-05-29T08:14:57.616Z] User: 4965worried@deltajohnsons.com | Outcome: FAILURE | Details: Invalid email or password.
[2026-05-29T12:00:47.900Z] User: efemiayafavour@gmail.com | Outcome: SUCCESS 
[2026-06-02T15:04:46.064Z] User: efemiayafavour@gmail.com | Outcome: SUCCESS 
[2026-06-02T15:04:46.072Z] User: efemiayafavour@gmail.com | Outcome: SUCCESS 
[2026-06-02T15:04:46.088Z] User: efemiayafavour@gmail.com | Outcome: SUCCESS 
[2026-06-02T15:04:46.107Z] User: efemiayafavour@gmail.com | Outcome: SUCCESS 
[2026-06-02T15:04:49.520Z] User: efemiayafavour@gmail.com | Outcome: SUCCESS 
[2026-06-04T07:44:34.089Z] User: efemiayafavour@gmail.com | Outcome: SUCCESS 
[2026-06-04T07:45:33.758Z] User: efemiayafavour@gmail.com | Outcome: SUCCESS 
[2026-06-09T06:45:23.677Z] User: efemiayafavour@gmail.com | Outcome: SUCCESS 
[2026-06-09T06:46:16.518Z] User: efemiayafavour@gmail.com | Outcome: SUCCESS 
[2026-06-09T07:51:26.898Z] User: efemiayafavour@gmail.com | Outcome: SUCCESS 
[2026-06-09T07:51:26.903Z] User: efemiayafavour@gmail.com | Outcome: SUCCESS 
[2026-06-09T07:51:47.756Z] User: efemiayafavour@gmail.com | Outcome: SUCCESS 
[2026-06-09T09:17:53.519Z] User: efemiayafavour@gmail.com | Outcome: SUCCESS 
[2026-06-10T05:10:16.470Z] User: efemiayafavour@gmail.com | Outcome: SUCCESS 
[2026-06-10T05:10:16.478Z] User: efemiayafavour@gmail.com | Outcome: SUCCESS 
[2026-06-10T05:10:16.480Z] User: efemiayafavour@gmail.com | Outcome: SUCCESS 
[2026-06-10T05:10:43.003Z] User: efemiayafavour@gmail.com | Outcome: SUCCESS 
[2026-06-10T07:25:08.925Z] User: efemiayafavour@gmail.com | Outcome: SUCCESS 
[2026-06-10T07:25:08.934Z] User: efemiayafavour@gmail.com | Outcome: SUCCESS 
[2026-06-10T07:25:40.739Z] User: efemiayafavour@gmail.com | Outcome: SUCCESS 
[2026-06-11T12:46:26.841Z] User: efemiayafavour@gmail.com | Outcome: SUCCESS 
[2026-06-11T13:55:46.252Z] User: efemiayafavour@gmail.com | Outcome: SUCCESS 
[2026-06-11T15:08:31.494Z] User: efemiayafavour@gmail.com | Outcome: FAILURE | Details: Invalid email or password.
[2026-06-11T15:08:32.897Z] User: efemiayafavour@gmail.com | Outcome: SUCCESS 
[2026-06-11T15:08:36.116Z] User: efemiayafavour@gmail.com | Outcome: SUCCESS 
[2026-06-11T15:08:36.121Z] User: efemiayafavour@gmail.com | Outcome: SUCCESS 
[2026-06-11T15:10:12.957Z] User: efemiayafavour@gmail.com | Outcome: SUCCESS 
[2026-06-16T07:04:02.373Z] User: efemiayafavour@gmail.com | Outcome: FAILURE | Details: Invalid email or password.
[2026-06-16T07:04:11.608Z] User: efemiayafavour@gmail.com | Outcome: SUCCESS 
[2026-06-16T07:06:16.197Z] User: efemiayafavour@gmail.com | Outcome: SUCCESS 
[2026-06-17T06:26:15.327Z] User: efemiayafavour@gmail.com | Outcome: FAILURE | Details: Invalid email or password.
[2026-06-17T06:26:15.884Z] User: efemiayafavour@gmail.com | Outcome: SUCCESS 
[2026-06-17T06:56:21.808Z] User: admin@example.com | Outcome: FAILURE | Details: Invalid email or password.
[2026-06-17T07:32:55.151Z] User: efemiayafavour@gmail.com | Outcome: SUCCESS 
[2026-06-17T07:32:57.133Z] User: efemiayafavour@gmail.com | Outcome: SUCCESS 
[2026-06-17T07:33:39.702Z] User: efemiayafavour@gmail.com | Outcome: SUCCESS 
[2026-06-23T08:04:17.721Z] User: efemiayafavour@gmail.com | Outcome: SUCCESS 
[2026-06-23T08:04:40.102Z] User: efemiayafavour@gmail.com | Outcome: SUCCESS 
[2026-06-23T09:36:41.465Z] User: efemiayafavour@gmail.com | Outcome: SUCCESS 
[2026-06-23T11:12:58.076Z] User: efemiayafavour@gmail.com | Outcome: SUCCESS 
[2026-06-24T05:41:59.065Z] User: efemiayafavour@gmail.com | Outcome: SUCCESS 
[2026-06-24T05:54:04.540Z] User: efemiayafavour@gmail.com | Outcome: SUCCESS 
[2026-06-24T05:54:04.545Z] User: efemiayafavour@gmail.com | Outcome: SUCCESS 
[2026-06-24T05:54:35.718Z] User: efemiayafavour@gmail.com | Outcome: SUCCESS 
[2026-06-24T06:58:33.602Z] User: efemiayafavour@gmail.com | Outcome: SUCCESS 
[2026-06-25T05:49:27.833Z] User: efemiayafavour@gmail.com | Outcome: SUCCESS 
[2026-06-25T05:49:27.840Z] User: efemiayafavour@gmail.com | Outcome: SUCCESS 
[2026-06-25T05:49:27.843Z] User: efemiayafavour@gmail.com | Outcome: SUCCESS 
[2026-06-25T05:50:17.816Z] User: efemiayafavour@gmail.com | Outcome: SUCCESS 
[2026-06-30T02:36:58.270Z] User: lukmanoladokun86@gmail.com | Outcome: SUCCESS 
[2026-06-30T03:20:30.399Z] User: lukmanoladokun86@gmail.com | Outcome: SUCCESS 
[2026-06-30T05:37:48.394Z] User: lukmanoladokun86@gmail.com | Outcome: SUCCESS 
[2026-06-30T05:38:23.157Z] User: lukmanoladokun86@gmail.com | Outcome: SUCCESS 
[2026-06-30T06:43:19.557Z] User: lukmanoladokun86@gmail.com | Outcome: SUCCESS 
[2026-06-30T06:50:44.571Z] User: zidrurirti@tozya.com | Outcome: SUCCESS 
[2026-06-30T10:03:45.167Z] User: efemiayafavour@gmail.com | Outcome: SUCCESS 
[2026-06-30T10:03:45.175Z] User: efemiayafavour@gmail.com | Outcome: SUCCESS 
[2026-06-30T10:03:45.177Z] User: efemiayafavour@gmail.com | Outcome: SUCCESS 
[2026-06-30T13:19:12.609Z] User: efemiayafavour@gmail.com | Outcome: SUCCESS 
[2026-06-30T13:19:12.625Z] User: efemiayafavour@gmail.com | Outcome: SUCCESS 
[2026-07-01T06:10:24.194Z] User: efemiayafavour@gmail.com | Outcome: SUCCESS 
[2026-07-01T06:10:24.202Z] User: efemiayafavour@gmail.com | Outcome: SUCCESS 
[2026-07-02T07:41:01.919Z] User: efemiayafavour@gmail.com | Outcome: FAILURE | Details: Invalid email or password.
[2026-07-02T07:41:06.092Z] User: efemiayafavour@gmail.com | Outcome: SUCCESS 
[2026-07-02T07:41:06.411Z] User: efemiayafavour@gmail.com | Outcome: SUCCESS 
[2026-07-02T07:41:45.027Z] User: efemiayafavour@gmail.com | Outcome: SUCCESS 
[2026-07-02T09:03:40.584Z] User: efemiayafavour@gmail.com | Outcome: SUCCESS 
[2026-07-03T14:08:12.043Z] User: efemiayafavour@gmail.com | Outcome: SUCCESS 
[2026-07-03T14:08:12.051Z] User: efemiayafavour@gmail.com | Outcome: SUCCESS 
[2026-07-03T15:13:17.902Z] User: efemiayafavour@gmail.com | Outcome: SUCCESS 
[2026-07-03T16:14:42.768Z] User: efemiayafavour@gmail.com | Outcome: SUCCESS 
[2026-07-07T07:22:36.988Z] User: efemiayafavour@gmail.com | Outcome: SUCCESS 
[2026-07-07T07:24:25.998Z] User: efemiayafavour@gmail.com | Outcome: SUCCESS 
[2026-07-10T08:08:40.473Z] User: efemiayafavour@gmail.com | Outcome: SUCCESS 
[2026-07-10T08:09:10.615Z] User: efemiayafavour@gmail.com | Outcome: SUCCESS 
[2026-07-10T10:03:30.455Z] User: efemiayafavour@gmail.com | Outcome: SUCCESS 
[2026-07-10T14:58:19.477Z] User: efemiayafavour@gmail.com | Outcome: SUCCESS 
[2026-07-10T14:58:19.481Z] User: efemiayafavour@gmail.com | Outcome: SUCCESS 
[2026-07-10T14:58:59.546Z] User: efemiayafavour@gmail.com | Outcome: SUCCESS 
[2026-07-10T16:17:02.780Z] User: efemiayafavour@gmail.com | Outcome: SUCCESS 
[2026-07-10T16:17:02.783Z] User: efemiayafavour@gmail.com | Outcome: SUCCESS 
[2026-07-10T19:13:09.473Z] User: efemiayafavour@gmail.com | Outcome: SUCCESS 
[2026-07-10T20:15:07.147Z] User: efemiayafavour@gmail.com | Outcome: SUCCESS 
[2026-07-10T20:15:07.155Z] User: efemiayafavour@gmail.com | Outcome: SUCCESS 
[2026-07-10T20:15:52.806Z] User: efemiayafavour@gmail.com | Outcome: SUCCESS 
[2026-07-14T07:11:24.180Z] User: efemiayafavour@gmail.com | Outcome: SUCCESS 
[2026-07-14T07:11:25.843Z] User: efemiayafavour@gmail.com | Outcome: SUCCESS 
[2026-07-14T08:13:48.967Z] User: efemiayafavour@gmail.com | Outcome: SUCCESS 
[2026-07-14T09:18:36.132Z] User: efemiayafavour@gmail.com | Outcome: SUCCESS 
[2026-07-14T09:18:41.316Z] User: efemiayafavour@gmail.com | Outcome: SUCCESS 
[2026-07-14T09:19:12.955Z] User: efemiayafavour@gmail.com | Outcome: SUCCESS 
[2026-07-15T07:18:04.604Z] User: efemiayafavour@gmail.com | Outcome: SUCCESS 
[2026-07-15T07:19:12.229Z] User: efemiayafavour@gmail.com | Outcome: SUCCESS 
[2026-07-15T08:27:20.802Z] User: efemiayafavour@gmail.com | Outcome: SUCCESS 
[2026-07-15T08:27:20.810Z] User: efemiayafavour@gmail.com | Outcome: SUCCESS 
[2026-07-15T08:28:48.751Z] User: efemiayafavour@gmail.com | Outcome: SUCCESS 
[2026-07-16T01:20:07.462Z] User: efemiayafavour@gmail.com | Outcome: SUCCESS 
[2026-07-16T02:25:21.758Z] User: efemiayafavour@gmail.com | Outcome: SUCCESS 
[2026-07-16T02:25:21.763Z] User: efemiayafavour@gmail.com | Outcome: SUCCESS 
[2026-07-16T09:45:58.674Z] User: efemiayafavour@gmail.com | Outcome: SUCCESS 
[2026-07-16T09:45:58.677Z] User: efemiayafavour@gmail.com | Outcome: SUCCESS 
[2026-07-16T09:47:09.882Z] User: efemiayafavour@gmail.com | Outcome: SUCCESS 
[2026-07-16T10:44:38.647Z] User: efemiayafavour@gmail.com | Outcome: FAILURE | Details: Failed to login. Please try again.
[2026-07-16T22:12:14.860Z] User: efemiayafavour@gmail.com | Outcome: SUCCESS 
[2026-07-16T23:16:34.128Z] User: efemiayafavour@gmail.com | Outcome: SUCCESS 
[2026-07-17T00:16:51.320Z] User: efemiayafavour@gmail.com | Outcome: SUCCESS 
